  SPITEST.cpp
e:\faq\dec\modules\warrens tester\warrens_flipchip_tester\spi_high_speed\spitest.cpp(266): warning C4477: 'printf' : format string '%x' requires an argument of type 'unsigned int', but variadic argument 1 has type 'FT_HANDLE'
  .NETFramework,Version=v4.6.1.AssemblyAttributes.cpp
SPITEST.obj : error LNK2028: unresolved token (0A000072) "extern "C" unsigned long __stdcall FT_Read(void *,void *,unsigned long,unsigned long *)" (?FT_Read@@$$J216YGKPAX0KPAK@Z) referenced in function "int __cdecl SPI_Initial(void *)" (?SPI_Initial@@$$FYAHPAX@Z)
SPITEST.obj : error LNK2028: unresolved token (0A000076) "extern "C" unsigned long __stdcall FT_SetTimeouts(void *,unsigned long,unsigned long)" (?FT_SetTimeouts@@$$J212YGKPAXKK@Z) referenced in function "int __cdecl SPI_Initial(void *)" (?SPI_Initial@@$$FYAHPAX@Z)
SPITEST.obj : error LNK2028: unresolved token (0A00007C) "extern "C" unsigned long __stdcall FT_SetBitMode(void *,unsigned char,unsigned char)" (?FT_SetBitMode@@$$J212YGKPAXEE@Z) referenced in function "int __cdecl SPI_Initial(void *)" (?SPI_Initial@@$$FYAHPAX@Z)
SPITEST.obj : error LNK2028: unresolved token (0A000082) "extern "C" unsigned long __stdcall FT_SetLatencyTimer(void *,unsigned char)" (?FT_SetLatencyTimer@@$$J18YGKPAXE@Z) referenced in function "int __cdecl SPI_Initial(void *)" (?SPI_Initial@@$$FYAHPAX@Z)
SPITEST.obj : error LNK2028: unresolved token (0A00008F) "extern "C" unsigned long __stdcall FT_Write(void *,void *,unsigned long,unsigned long *)" (?FT_Write@@$$J216YGKPAX0KPAK@Z) referenced in function "unsigned long __cdecl WriteEECmd(void *,unsigned char)" (?WriteEECmd@@$$FYAKPAXE@Z)
SPITEST.obj : error LNK2028: unresolved token (0A000099) "extern "C" unsigned long __stdcall FT_GetDeviceInfoList(struct _ft_device_list_info_node *,unsigned long *)" (?FT_GetDeviceInfoList@@$$J18YGKPAU_ft_device_list_info_node@@PAK@Z) referenced in function "int __cdecl wmain(int,wchar_t * * const)" (?wmain@@$$HYAHHQAPA_W@Z)
SPITEST.obj : error LNK2028: unresolved token (0A0000A0) "extern "C" unsigned long __stdcall FT_GetQueueStatus(void *,unsigned long *)" (?FT_GetQueueStatus@@$$J18YGKPAXPAK@Z) referenced in function "int __cdecl SPI_Initial(void *)" (?SPI_Initial@@$$FYAHPAX@Z)
SPITEST.obj : error LNK2028: unresolved token (0A0000A3) "extern "C" unsigned long __stdcall FT_SetUSBParameters(void *,unsigned long,unsigned long)" (?FT_SetUSBParameters@@$$J212YGKPAXKK@Z) referenced in function "int __cdecl SPI_Initial(void *)" (?SPI_Initial@@$$FYAHPAX@Z)
SPITEST.obj : error LNK2028: unresolved token (0A0000A7) "extern "C" unsigned long __stdcall FT_OpenEx(void *,unsigned long,void * *)" (?FT_OpenEx@@$$J212YGKPAXKPAPAX@Z) referenced in function "int __cdecl wmain(int,wchar_t * * const)" (?wmain@@$$HYAHHQAPA_W@Z)
SPITEST.obj : error LNK2028: unresolved token (0A0000AF) "extern "C" unsigned long __stdcall FT_CreateDeviceInfoList(unsigned long *)" (?FT_CreateDeviceInfoList@@$$J14YGKPAK@Z) referenced in function "int __cdecl wmain(int,wchar_t * * const)" (?wmain@@$$HYAHHQAPA_W@Z)
SPITEST.obj : error LNK2028: unresolved token (0A0000B7) "extern "C" unsigned long __stdcall FT_ResetDevice(void *)" (?FT_ResetDevice@@$$J14YGKPAX@Z) referenced in function "int __cdecl SPI_Initial(void *)" (?SPI_Initial@@$$FYAHPAX@Z)
SPITEST.obj : error LNK2028: unresolved token (0A0000C4) "extern "C" unsigned long __stdcall FT_SetChars(void *,unsigned char,unsigned char,unsigned char,unsigned char)" (?FT_SetChars@@$$J220YGKPAXEEEE@Z) referenced in function "int __cdecl SPI_Initial(void *)" (?SPI_Initial@@$$FYAHPAX@Z)
SPITEST.obj : error LNK2028: unresolved token (0A0000C7) "extern "C" unsigned long __stdcall FT_Close(void *)" (?FT_Close@@$$J14YGKPAX@Z) referenced in function "int __cdecl wmain(int,wchar_t * * const)" (?wmain@@$$HYAHHQAPA_W@Z)
SPITEST.obj : error LNK2019: unresolved external symbol "extern "C" unsigned long __stdcall FT_Write(void *,void *,unsigned long,unsigned long *)" (?FT_Write@@$$J216YGKPAX0KPAK@Z) referenced in function "unsigned long __cdecl WriteEECmd(void *,unsigned char)" (?WriteEECmd@@$$FYAKPAXE@Z)
SPITEST.obj : error LNK2019: unresolved external symbol "extern "C" unsigned long __stdcall FT_ResetDevice(void *)" (?FT_ResetDevice@@$$J14YGKPAX@Z) referenced in function "int __cdecl SPI_Initial(void *)" (?SPI_Initial@@$$FYAHPAX@Z)
SPITEST.obj : error LNK2019: unresolved external symbol "extern "C" unsigned long __stdcall FT_GetQueueStatus(void *,unsigned long *)" (?FT_GetQueueStatus@@$$J18YGKPAXPAK@Z) referenced in function "int __cdecl SPI_Initial(void *)" (?SPI_Initial@@$$FYAHPAX@Z)
SPITEST.obj : error LNK2019: unresolved external symbol "extern "C" unsigned long __stdcall FT_Read(void *,void *,unsigned long,unsigned long *)" (?FT_Read@@$$J216YGKPAX0KPAK@Z) referenced in function "int __cdecl SPI_Initial(void *)" (?SPI_Initial@@$$FYAHPAX@Z)
SPITEST.obj : error LNK2019: unresolved external symbol "extern "C" unsigned long __stdcall FT_SetUSBParameters(void *,unsigned long,unsigned long)" (?FT_SetUSBParameters@@$$J212YGKPAXKK@Z) referenced in function "int __cdecl SPI_Initial(void *)" (?SPI_Initial@@$$FYAHPAX@Z)
SPITEST.obj : error LNK2019: unresolved external symbol "extern "C" unsigned long __stdcall FT_SetChars(void *,unsigned char,unsigned char,unsigned char,unsigned char)" (?FT_SetChars@@$$J220YGKPAXEEEE@Z) referenced in function "int __cdecl SPI_Initial(void *)" (?SPI_Initial@@$$FYAHPAX@Z)
SPITEST.obj : error LNK2019: unresolved external symbol "extern "C" unsigned long __stdcall FT_SetTimeouts(void *,unsigned long,unsigned long)" (?FT_SetTimeouts@@$$J212YGKPAXKK@Z) referenced in function "int __cdecl SPI_Initial(void *)" (?SPI_Initial@@$$FYAHPAX@Z)
SPITEST.obj : error LNK2019: unresolved external symbol "extern "C" unsigned long __stdcall FT_SetLatencyTimer(void *,unsigned char)" (?FT_SetLatencyTimer@@$$J18YGKPAXE@Z) referenced in function "int __cdecl SPI_Initial(void *)" (?SPI_Initial@@$$FYAHPAX@Z)
SPITEST.obj : error LNK2019: unresolved external symbol "extern "C" unsigned long __stdcall FT_SetBitMode(void *,unsigned char,unsigned char)" (?FT_SetBitMode@@$$J212YGKPAXEE@Z) referenced in function "int __cdecl SPI_Initial(void *)" (?SPI_Initial@@$$FYAHPAX@Z)
SPITEST.obj : error LNK2019: unresolved external symbol "extern "C" unsigned long __stdcall FT_CreateDeviceInfoList(unsigned long *)" (?FT_CreateDeviceInfoList@@$$J14YGKPAK@Z) referenced in function "int __cdecl wmain(int,wchar_t * * const)" (?wmain@@$$HYAHHQAPA_W@Z)
SPITEST.obj : error LNK2019: unresolved external symbol "extern "C" unsigned long __stdcall FT_GetDeviceInfoList(struct _ft_device_list_info_node *,unsigned long *)" (?FT_GetDeviceInfoList@@$$J18YGKPAU_ft_device_list_info_node@@PAK@Z) referenced in function "int __cdecl wmain(int,wchar_t * * const)" (?wmain@@$$HYAHHQAPA_W@Z)
SPITEST.obj : error LNK2019: unresolved external symbol "extern "C" unsigned long __stdcall FT_OpenEx(void *,unsigned long,void * *)" (?FT_OpenEx@@$$J212YGKPAXKPAPAX@Z) referenced in function "int __cdecl wmain(int,wchar_t * * const)" (?wmain@@$$HYAHHQAPA_W@Z)
SPITEST.obj : error LNK2019: unresolved external symbol "extern "C" unsigned long __stdcall FT_Close(void *)" (?FT_Close@@$$J14YGKPAX@Z) referenced in function "int __cdecl wmain(int,wchar_t * * const)" (?wmain@@$$HYAHHQAPA_W@Z)
FTD2XX.lib : warning LNK4272: library machine type 'x64' conflicts with target machine type 'x86'
E:\FAQ\DEC\modules\Warrens Tester\Warrens_Flipchip_Tester\Release\SPI_High_Speed.exe : fatal error LNK1120: 26 unresolved externals
